<?xml version="1.0" encoding="UTF-8"?>
<testsuite xmlns:xsi="http://www.w3.org/2001/XMLSchema-instance" xsi:noNamespaceSchemaLocation="https://maven.apache.org/surefire/maven-surefire-plugin/xsd/surefire-test-report-3.0.xsd" version="3.0" name="RESTAssuredTests.PostIntegrationTests" time="46.938" tests="5" errors="0" skipped="0" failures="0">
  <properties>
    <property name="sun.desktop" value="windows"/>
    <property name="awt.toolkit" value="sun.awt.windows.WToolkit"/>
    <property name="java.specification.version" value="11"/>
    <property name="sun.cpu.isalist" value="amd64"/>
    <property name="sun.jnu.encoding" value="Cp1251"/>
    <property name="java.class.path" value="C:\Users\GRIGS\Desktop\Group5FinalProject\test\weAreSocialNetwork.tests\target\test-classes;C:\Users\GRIGS\Desktop\Group5FinalProject\test\weAreSocialNetwork.tests\target\classes;C:\Users\GRIGS\.m2\repository\org\seleniumhq\selenium\selenium-java\4.11.0\selenium-java-4.11.0.jar;C:\Users\GRIGS\.m2\repository\org\seleniumhq\selenium\selenium-api\4.11.0\selenium-api-4.11.0.jar;C:\Users\GRIGS\.m2\repository\org\seleniumhq\selenium\selenium-devtools-v113\4.11.0\selenium-devtools-v113-4.11.0.jar;C:\Users\GRIGS\.m2\repository\org\seleniumhq\selenium\selenium-devtools-v114\4.11.0\selenium-devtools-v114-4.11.0.jar;C:\Users\GRIGS\.m2\repository\org\seleniumhq\selenium\selenium-devtools-v115\4.11.0\selenium-devtools-v115-4.11.0.jar;C:\Users\GRIGS\.m2\repository\org\seleniumhq\selenium\selenium-devtools-v85\4.11.0\selenium-devtools-v85-4.11.0.jar;C:\Users\GRIGS\.m2\repository\org\seleniumhq\selenium\selenium-edge-driver\4.11.0\selenium-edge-driver-4.11.0.jar;C:\Users\GRIGS\.m2\repository\org\seleniumhq\selenium\selenium-ie-driver\4.11.0\selenium-ie-driver-4.11.0.jar;C:\Users\GRIGS\.m2\repository\org\seleniumhq\selenium\selenium-remote-driver\4.11.0\selenium-remote-driver-4.11.0.jar;C:\Users\GRIGS\.m2\repository\io\netty\netty-buffer\4.1.92.Final\netty-buffer-4.1.92.Final.jar;C:\Users\GRIGS\.m2\repository\io\netty\netty-codec-http\4.1.92.Final\netty-codec-http-4.1.92.Final.jar;C:\Users\GRIGS\.m2\repository\io\netty\netty-codec\4.1.92.Final\netty-codec-4.1.92.Final.jar;C:\Users\GRIGS\.m2\repository\io\netty\netty-handler\4.1.92.Final\netty-handler-4.1.92.Final.jar;C:\Users\GRIGS\.m2\repository\io\netty\netty-common\4.1.92.Final\netty-common-4.1.92.Final.jar;C:\Users\GRIGS\.m2\repository\io\netty\netty-transport-classes-epoll\4.1.92.Final\netty-transport-classes-epoll-4.1.92.Final.jar;C:\Users\GRIGS\.m2\repository\io\netty\netty-transport-classes-kqueue\4.1.92.Final\netty-transport-classes-kqueue-4.1.92.Final.jar;C:\Users\GRIGS\.m2\repository\io\netty\netty-transport-native-epoll\4.1.92.Final\netty-transport-native-epoll-4.1.92.Final.jar;C:\Users\GRIGS\.m2\repository\io\netty\netty-transport-native-kqueue\4.1.92.Final\netty-transport-native-kqueue-4.1.92.Final.jar;C:\Users\GRIGS\.m2\repository\io\netty\netty-transport-native-unix-common\4.1.92.Final\netty-transport-native-unix-common-4.1.92.Final.jar;C:\Users\GRIGS\.m2\repository\io\netty\netty-transport\4.1.92.Final\netty-transport-4.1.92.Final.jar;C:\Users\GRIGS\.m2\repository\io\netty\netty-resolver\4.1.92.Final\netty-resolver-4.1.92.Final.jar;C:\Users\GRIGS\.m2\repository\io\opentelemetry\opentelemetry-api\1.26.0\opentelemetry-api-1.26.0.jar;C:\Users\GRIGS\.m2\repository\io\opentelemetry\opentelemetry-context\1.26.0\opentelemetry-context-1.26.0.jar;C:\Users\GRIGS\.m2\repository\io\opentelemetry\opentelemetry-exporter-logging\1.26.0\opentelemetry-exporter-logging-1.26.0.jar;C:\Users\GRIGS\.m2\repository\io\opentelemetry\opentelemetry-sdk-metrics\1.26.0\opentelemetry-sdk-metrics-1.26.0.jar;C:\Users\GRIGS\.m2\repository\io\opentelemetry\opentelemetry-extension-incubator\1.26.0-alpha\opentelemetry-extension-incubator-1.26.0-alpha.jar;C:\Users\GRIGS\.m2\repository\io\opentelemetry\opentelemetry-sdk-logs\1.26.0-alpha\opentelemetry-sdk-logs-1.26.0-alpha.jar;C:\Users\GRIGS\.m2\repository\io\opentelemetry\opentelemetry-api-logs\1.26.0-alpha\opentelemetry-api-logs-1.26.0-alpha.jar;C:\Users\GRIGS\.m2\repository\io\opentelemetry\opentelemetry-api-events\1.26.0-alpha\opentelemetry-api-events-1.26.0-alpha.jar;C:\Users\GRIGS\.m2\repository\io\opentelemetry\opentelemetry-sdk-common\1.26.0\opentelemetry-sdk-common-1.26.0.jar;C:\Users\GRIGS\.m2\repository\io\opentelemetry\opentelemetry-sdk-extension-autoconfigure-spi\1.26.0\opentelemetry-sdk-extension-autoconfigure-spi-1.26.0.jar;C:\Users\GRIGS\.m2\repository\io\opentelemetry\opentelemetry-sdk-extension-autoconfigure\1.26.0-alpha\opentelemetry-sdk-extension-autoconfigure-1.26.0-alpha.jar;C:\Users\GRIGS\.m2\repository\io\opentelemetry\opentelemetry-sdk-trace\1.26.0\opentelemetry-sdk-trace-1.26.0.jar;C:\Users\GRIGS\.m2\repository\io\opentelemetry\opentelemetry-sdk\1.26.0\opentelemetry-sdk-1.26.0.jar;C:\Users\GRIGS\.m2\repository\io\opentelemetry\opentelemetry-semconv\1.26.0-alpha\opentelemetry-semconv-1.26.0-alpha.jar;C:\Users\GRIGS\.m2\repository\org\apache\commons\commons-exec\1.3\commons-exec-1.3.jar;C:\Users\GRIGS\.m2\repository\org\asynchttpclient\async-http-client\2.12.3\async-http-client-2.12.3.jar;C:\Users\GRIGS\.m2\repository\org\asynchttpclient\async-http-client-netty-utils\2.12.3\async-http-client-netty-utils-2.12.3.jar;C:\Users\GRIGS\.m2\repository\io\netty\netty-codec-socks\4.1.60.Final\netty-codec-socks-4.1.60.Final.jar;C:\Users\GRIGS\.m2\repository\io\netty\netty-handler-proxy\4.1.60.Final\netty-handler-proxy-4.1.60.Final.jar;C:\Users\GRIGS\.m2\repository\io\netty\netty-transport-native-epoll\4.1.60.Final\netty-transport-native-epoll-4.1.60.Final-linux-x86_64.jar;C:\Users\GRIGS\.m2\repository\io\netty\netty-transport-native-kqueue\4.1.60.Final\netty-transport-native-kqueue-4.1.60.Final-osx-x86_64.jar;C:\Users\GRIGS\.m2\repository\org\reactivestreams\reactive-streams\1.0.3\reactive-streams-1.0.3.jar;C:\Users\GRIGS\.m2\repository\com\typesafe\netty\netty-reactive-streams\2.0.4\netty-reactive-streams-2.0.4.jar;C:\Users\GRIGS\.m2\repository\org\slf4j\slf4j-api\1.7.30\slf4j-api-1.7.30.jar;C:\Users\GRIGS\.m2\repository\com\sun\activation\jakarta.activation\1.2.2\jakarta.activation-1.2.2.jar;C:\Users\GRIGS\.m2\repository\org\seleniumhq\selenium\selenium-safari-driver\4.11.0\selenium-safari-driver-4.11.0.jar;C:\Users\GRIGS\.m2\repository\org\seleniumhq\selenium\selenium-support\4.11.0\selenium-support-4.11.0.jar;C:\Users\GRIGS\.m2\repository\com\google\auto\service\auto-service-annotations\1.0.1\auto-service-annotations-1.0.1.jar;C:\Users\GRIGS\.m2\repository\com\google\guava\guava\31.1-jre\guava-31.1-jre.jar;C:\Users\GRIGS\.m2\repository\com\google\guava\failureaccess\1.0.1\failureaccess-1.0.1.jar;C:\Users\GRIGS\.m2\repository\com\google\guava\listenablefuture\9999.0-empty-to-avoid-conflict-with-guava\listenablefuture-9999.0-empty-to-avoid-conflict-with-guava.jar;C:\Users\GRIGS\.m2\repository\com\google\code\findbugs\jsr305\3.0.2\jsr305-3.0.2.jar;C:\Users\GRIGS\.m2\repository\org\checkerframework\checker-qual\3.12.0\checker-qual-3.12.0.jar;C:\Users\GRIGS\.m2\repository\com\google\errorprone\error_prone_annotations\2.11.0\error_prone_annotations-2.11.0.jar;C:\Users\GRIGS\.m2\repository\com\google\j2objc\j2objc-annotations\1.3\j2objc-annotations-1.3.jar;C:\Users\GRIGS\.m2\repository\net\bytebuddy\byte-buddy\1.14.4\byte-buddy-1.14.4.jar;C:\Users\GRIGS\.m2\repository\org\seleniumhq\selenium\selenium-json\4.11.0\selenium-json-4.11.0.jar;C:\Users\GRIGS\.m2\repository\org\seleniumhq\selenium\selenium-chrome-driver\4.11.0\selenium-chrome-driver-4.11.0.jar;C:\Users\GRIGS\.m2\repository\org\seleniumhq\selenium\selenium-chromium-driver\4.11.0\selenium-chromium-driver-4.11.0.jar;C:\Users\GRIGS\.m2\repository\org\seleniumhq\selenium\selenium-manager\4.11.0\selenium-manager-4.11.0.jar;C:\Users\GRIGS\.m2\repository\org\junit\jupiter\junit-jupiter-engine\5.10.0\junit-jupiter-engine-5.10.0.jar;C:\Users\GRIGS\.m2\repository\org\junit\platform\junit-platform-engine\1.10.0\junit-platform-engine-1.10.0.jar;C:\Users\GRIGS\.m2\repository\org\apiguardian\apiguardian-api\1.1.2\apiguardian-api-1.1.2.jar;C:\Users\GRIGS\.m2\repository\com\github\javafaker\javafaker\1.0.2\javafaker-1.0.2.jar;C:\Users\GRIGS\.m2\repository\org\apache\commons\commons-lang3\3.5\commons-lang3-3.5.jar;C:\Users\GRIGS\.m2\repository\org\yaml\snakeyaml\1.23\snakeyaml-1.23-android.jar;C:\Users\GRIGS\.m2\repository\com\github\mifmif\generex\1.0.2\generex-1.0.2.jar;C:\Users\GRIGS\.m2\repository\dk\brics\automaton\automaton\1.11-8\automaton-1.11-8.jar;C:\Users\GRIGS\.m2\repository\org\seleniumhq\selenium\selenium-firefox-driver\4.11.0\selenium-firefox-driver-4.11.0.jar;C:\Users\GRIGS\.m2\repository\org\seleniumhq\selenium\selenium-http\4.11.0\selenium-http-4.11.0.jar;C:\Users\GRIGS\.m2\repository\dev\failsafe\failsafe\3.3.1\failsafe-3.3.1.jar;C:\Users\GRIGS\.m2\repository\org\junit\jupiter\junit-jupiter-api\5.10.0\junit-jupiter-api-5.10.0.jar;C:\Users\GRIGS\.m2\repository\org\opentest4j\opentest4j\1.3.0\opentest4j-1.3.0.jar;C:\Users\GRIGS\.m2\repository\org\junit\platform\junit-platform-commons\1.10.0\junit-platform-commons-1.10.0.jar;C:\Users\GRIGS\.m2\repository\org\apache\logging\log4j\log4j-core\2.20.0\log4j-core-2.20.0.jar;C:\Users\GRIGS\.m2\repository\org\apache\logging\log4j\log4j-api\2.20.0\log4j-api-2.20.0.jar;C:\Users\GRIGS\.m2\repository\io\rest-assured\rest-assured\5.3.1\rest-assured-5.3.1.jar;C:\Users\GRIGS\.m2\repository\org\apache\groovy\groovy\4.0.11\groovy-4.0.11.jar;C:\Users\GRIGS\.m2\repository\org\apache\groovy\groovy-xml\4.0.11\groovy-xml-4.0.11.jar;C:\Users\GRIGS\.m2\repository\org\apache\httpcomponents\httpclient\4.5.13\httpclient-4.5.13.jar;C:\Users\GRIGS\.m2\repository\org\apache\httpcomponents\httpcore\4.4.13\httpcore-4.4.13.jar;C:\Users\GRIGS\.m2\repository\commons-logging\commons-logging\1.2\commons-logging-1.2.jar;C:\Users\GRIGS\.m2\repository\commons-codec\commons-codec\1.11\commons-codec-1.11.jar;C:\Users\GRIGS\.m2\repository\org\apache\httpcomponents\httpmime\4.5.13\httpmime-4.5.13.jar;C:\Users\GRIGS\.m2\repository\org\hamcrest\hamcrest\2.2\hamcrest-2.2.jar;C:\Users\GRIGS\.m2\repository\org\ccil\cowan\tagsoup\tagsoup\1.2.1\tagsoup-1.2.1.jar;C:\Users\GRIGS\.m2\repository\io\rest-assured\json-path\5.3.1\json-path-5.3.1.jar;C:\Users\GRIGS\.m2\repository\org\apache\groovy\groovy-json\4.0.11\groovy-json-4.0.11.jar;C:\Users\GRIGS\.m2\repository\io\rest-assured\rest-assured-common\5.3.1\rest-assured-common-5.3.1.jar;C:\Users\GRIGS\.m2\repository\io\rest-assured\xml-path\5.3.1\xml-path-5.3.1.jar;C:\Users\GRIGS\.m2\repository\com\google\code\gson\gson\2.10.1\gson-2.10.1.jar;C:\Users\GRIGS\.m2\repository\org\projectlombok\lombok\1.18.30\lombok-1.18.30.jar;C:\Users\GRIGS\.m2\repository\com\mysql\mysql-connector-j\8.1.0\mysql-connector-j-8.1.0.jar;C:\Users\GRIGS\.m2\repository\com\google\protobuf\protobuf-java\3.21.9\protobuf-java-3.21.9.jar;C:\Users\GRIGS\.m2\repository\junit\junit\4.13.2\junit-4.13.2.jar;C:\Users\GRIGS\.m2\repository\org\hamcrest\hamcrest-core\1.3\hamcrest-core-1.3.jar;"/>
    <property name="java.vm.vendor" value="Oracle Corporation"/>
    <property name="sun.arch.data.model" value="64"/>
    <property name="user.variant" value=""/>
    <property name="java.vendor.url" value="https://openjdk.java.net/"/>
    <property name="user.timezone" value="Europe/Helsinki"/>
    <property name="java.vm.specification.version" value="11"/>
    <property name="os.name" value="Windows 10"/>
    <property name="sun.java.launcher" value="SUN_STANDARD"/>
    <property name="user.country" value="US"/>
    <property name="sun.boot.library.path" value="C:\Program Files\Java\jdk-11\bin"/>
    <property name="sun.java.command" value="C:\Users\GRIGS\AppData\Local\Temp\surefire12649640263214035777\surefirebooter-20231018233219398_3.jar C:\Users\GRIGS\AppData\Local\Temp\surefire12649640263214035777 2023-10-18T23-32-19_162-jvmRun1 surefire-20231018233219398_1tmp surefire_0-20231018233219398_2tmp"/>
    <property name="jdk.debug" value="release"/>
    <property name="surefire.test.class.path" value="C:\Users\GRIGS\Desktop\Group5FinalProject\test\weAreSocialNetwork.tests\target\test-classes;C:\Users\GRIGS\Desktop\Group5FinalProject\test\weAreSocialNetwork.tests\target\classes;C:\Users\GRIGS\.m2\repository\org\seleniumhq\selenium\selenium-java\4.11.0\selenium-java-4.11.0.jar;C:\Users\GRIGS\.m2\repository\org\seleniumhq\selenium\selenium-api\4.11.0\selenium-api-4.11.0.jar;C:\Users\GRIGS\.m2\repository\org\seleniumhq\selenium\selenium-devtools-v113\4.11.0\selenium-devtools-v113-4.11.0.jar;C:\Users\GRIGS\.m2\repository\org\seleniumhq\selenium\selenium-devtools-v114\4.11.0\selenium-devtools-v114-4.11.0.jar;C:\Users\GRIGS\.m2\repository\org\seleniumhq\selenium\selenium-devtools-v115\4.11.0\selenium-devtools-v115-4.11.0.jar;C:\Users\GRIGS\.m2\repository\org\seleniumhq\selenium\selenium-devtools-v85\4.11.0\selenium-devtools-v85-4.11.0.jar;C:\Users\GRIGS\.m2\repository\org\seleniumhq\selenium\selenium-edge-driver\4.11.0\selenium-edge-driver-4.11.0.jar;C:\Users\GRIGS\.m2\repository\org\seleniumhq\selenium\selenium-ie-driver\4.11.0\selenium-ie-driver-4.11.0.jar;C:\Users\GRIGS\.m2\repository\org\seleniumhq\selenium\selenium-remote-driver\4.11.0\selenium-remote-driver-4.11.0.jar;C:\Users\GRIGS\.m2\repository\io\netty\netty-buffer\4.1.92.Final\netty-buffer-4.1.92.Final.jar;C:\Users\GRIGS\.m2\repository\io\netty\netty-codec-http\4.1.92.Final\netty-codec-http-4.1.92.Final.jar;C:\Users\GRIGS\.m2\repository\io\netty\netty-codec\4.1.92.Final\netty-codec-4.1.92.Final.jar;C:\Users\GRIGS\.m2\repository\io\netty\netty-handler\4.1.92.Final\netty-handler-4.1.92.Final.jar;C:\Users\GRIGS\.m2\repository\io\netty\netty-common\4.1.92.Final\netty-common-4.1.92.Final.jar;C:\Users\GRIGS\.m2\repository\io\netty\netty-transport-classes-epoll\4.1.92.Final\netty-transport-classes-epoll-4.1.92.Final.jar;C:\Users\GRIGS\.m2\repository\io\netty\netty-transport-classes-kqueue\4.1.92.Final\netty-transport-classes-kqueue-4.1.92.Final.jar;C:\Users\GRIGS\.m2\repository\io\netty\netty-transport-native-epoll\4.1.92.Final\netty-transport-native-epoll-4.1.92.Final.jar;C:\Users\GRIGS\.m2\repository\io\netty\netty-transport-native-kqueue\4.1.92.Final\netty-transport-native-kqueue-4.1.92.Final.jar;C:\Users\GRIGS\.m2\repository\io\netty\netty-transport-native-unix-common\4.1.92.Final\netty-transport-native-unix-common-4.1.92.Final.jar;C:\Users\GRIGS\.m2\repository\io\netty\netty-transport\4.1.92.Final\netty-transport-4.1.92.Final.jar;C:\Users\GRIGS\.m2\repository\io\netty\netty-resolver\4.1.92.Final\netty-resolver-4.1.92.Final.jar;C:\Users\GRIGS\.m2\repository\io\opentelemetry\opentelemetry-api\1.26.0\opentelemetry-api-1.26.0.jar;C:\Users\GRIGS\.m2\repository\io\opentelemetry\opentelemetry-context\1.26.0\opentelemetry-context-1.26.0.jar;C:\Users\GRIGS\.m2\repository\io\opentelemetry\opentelemetry-exporter-logging\1.26.0\opentelemetry-exporter-logging-1.26.0.jar;C:\Users\GRIGS\.m2\repository\io\opentelemetry\opentelemetry-sdk-metrics\1.26.0\opentelemetry-sdk-metrics-1.26.0.jar;C:\Users\GRIGS\.m2\repository\io\opentelemetry\opentelemetry-extension-incubator\1.26.0-alpha\opentelemetry-extension-incubator-1.26.0-alpha.jar;C:\Users\GRIGS\.m2\repository\io\opentelemetry\opentelemetry-sdk-logs\1.26.0-alpha\opentelemetry-sdk-logs-1.26.0-alpha.jar;C:\Users\GRIGS\.m2\repository\io\opentelemetry\opentelemetry-api-logs\1.26.0-alpha\opentelemetry-api-logs-1.26.0-alpha.jar;C:\Users\GRIGS\.m2\repository\io\opentelemetry\opentelemetry-api-events\1.26.0-alpha\opentelemetry-api-events-1.26.0-alpha.jar;C:\Users\GRIGS\.m2\repository\io\opentelemetry\opentelemetry-sdk-common\1.26.0\opentelemetry-sdk-common-1.26.0.jar;C:\Users\GRIGS\.m2\repository\io\opentelemetry\opentelemetry-sdk-extension-autoconfigure-spi\1.26.0\opentelemetry-sdk-extension-autoconfigure-spi-1.26.0.jar;C:\Users\GRIGS\.m2\repository\io\opentelemetry\opentelemetry-sdk-extension-autoconfigure\1.26.0-alpha\opentelemetry-sdk-extension-autoconfigure-1.26.0-alpha.jar;C:\Users\GRIGS\.m2\repository\io\opentelemetry\opentelemetry-sdk-trace\1.26.0\opentelemetry-sdk-trace-1.26.0.jar;C:\Users\GRIGS\.m2\repository\io\opentelemetry\opentelemetry-sdk\1.26.0\opentelemetry-sdk-1.26.0.jar;C:\Users\GRIGS\.m2\repository\io\opentelemetry\opentelemetry-semconv\1.26.0-alpha\opentelemetry-semconv-1.26.0-alpha.jar;C:\Users\GRIGS\.m2\repository\org\apache\commons\commons-exec\1.3\commons-exec-1.3.jar;C:\Users\GRIGS\.m2\repository\org\asynchttpclient\async-http-client\2.12.3\async-http-client-2.12.3.jar;C:\Users\GRIGS\.m2\repository\org\asynchttpclient\async-http-client-netty-utils\2.12.3\async-http-client-netty-utils-2.12.3.jar;C:\Users\GRIGS\.m2\repository\io\netty\netty-codec-socks\4.1.60.Final\netty-codec-socks-4.1.60.Final.jar;C:\Users\GRIGS\.m2\repository\io\netty\netty-handler-proxy\4.1.60.Final\netty-handler-proxy-4.1.60.Final.jar;C:\Users\GRIGS\.m2\repository\io\netty\netty-transport-native-epoll\4.1.60.Final\netty-transport-native-epoll-4.1.60.Final-linux-x86_64.jar;C:\Users\GRIGS\.m2\repository\io\netty\netty-transport-native-kqueue\4.1.60.Final\netty-transport-native-kqueue-4.1.60.Final-osx-x86_64.jar;C:\Users\GRIGS\.m2\repository\org\reactivestreams\reactive-streams\1.0.3\reactive-streams-1.0.3.jar;C:\Users\GRIGS\.m2\repository\com\typesafe\netty\netty-reactive-streams\2.0.4\netty-reactive-streams-2.0.4.jar;C:\Users\GRIGS\.m2\repository\org\slf4j\slf4j-api\1.7.30\slf4j-api-1.7.30.jar;C:\Users\GRIGS\.m2\repository\com\sun\activation\jakarta.activation\1.2.2\jakarta.activation-1.2.2.jar;C:\Users\GRIGS\.m2\repository\org\seleniumhq\selenium\selenium-safari-driver\4.11.0\selenium-safari-driver-4.11.0.jar;C:\Users\GRIGS\.m2\repository\org\seleniumhq\selenium\selenium-support\4.11.0\selenium-support-4.11.0.jar;C:\Users\GRIGS\.m2\repository\com\google\auto\service\auto-service-annotations\1.0.1\auto-service-annotations-1.0.1.jar;C:\Users\GRIGS\.m2\repository\com\google\guava\guava\31.1-jre\guava-31.1-jre.jar;C:\Users\GRIGS\.m2\repository\com\google\guava\failureaccess\1.0.1\failureaccess-1.0.1.jar;C:\Users\GRIGS\.m2\repository\com\google\guava\listenablefuture\9999.0-empty-to-avoid-conflict-with-guava\listenablefuture-9999.0-empty-to-avoid-conflict-with-guava.jar;C:\Users\GRIGS\.m2\repository\com\google\code\findbugs\jsr305\3.0.2\jsr305-3.0.2.jar;C:\Users\GRIGS\.m2\repository\org\checkerframework\checker-qual\3.12.0\checker-qual-3.12.0.jar;C:\Users\GRIGS\.m2\repository\com\google\errorprone\error_prone_annotations\2.11.0\error_prone_annotations-2.11.0.jar;C:\Users\GRIGS\.m2\repository\com\google\j2objc\j2objc-annotations\1.3\j2objc-annotations-1.3.jar;C:\Users\GRIGS\.m2\repository\net\bytebuddy\byte-buddy\1.14.4\byte-buddy-1.14.4.jar;C:\Users\GRIGS\.m2\repository\org\seleniumhq\selenium\selenium-json\4.11.0\selenium-json-4.11.0.jar;C:\Users\GRIGS\.m2\repository\org\seleniumhq\selenium\selenium-chrome-driver\4.11.0\selenium-chrome-driver-4.11.0.jar;C:\Users\GRIGS\.m2\repository\org\seleniumhq\selenium\selenium-chromium-driver\4.11.0\selenium-chromium-driver-4.11.0.jar;C:\Users\GRIGS\.m2\repository\org\seleniumhq\selenium\selenium-manager\4.11.0\selenium-manager-4.11.0.jar;C:\Users\GRIGS\.m2\repository\org\junit\jupiter\junit-jupiter-engine\5.10.0\junit-jupiter-engine-5.10.0.jar;C:\Users\GRIGS\.m2\repository\org\junit\platform\junit-platform-engine\1.10.0\junit-platform-engine-1.10.0.jar;C:\Users\GRIGS\.m2\repository\org\apiguardian\apiguardian-api\1.1.2\apiguardian-api-1.1.2.jar;C:\Users\GRIGS\.m2\repository\com\github\javafaker\javafaker\1.0.2\javafaker-1.0.2.jar;C:\Users\GRIGS\.m2\repository\org\apache\commons\commons-lang3\3.5\commons-lang3-3.5.jar;C:\Users\GRIGS\.m2\repository\org\yaml\snakeyaml\1.23\snakeyaml-1.23-android.jar;C:\Users\GRIGS\.m2\repository\com\github\mifmif\generex\1.0.2\generex-1.0.2.jar;C:\Users\GRIGS\.m2\repository\dk\brics\automaton\automaton\1.11-8\automaton-1.11-8.jar;C:\Users\GRIGS\.m2\repository\org\seleniumhq\selenium\selenium-firefox-driver\4.11.0\selenium-firefox-driver-4.11.0.jar;C:\Users\GRIGS\.m2\repository\org\seleniumhq\selenium\selenium-http\4.11.0\selenium-http-4.11.0.jar;C:\Users\GRIGS\.m2\repository\dev\failsafe\failsafe\3.3.1\failsafe-3.3.1.jar;C:\Users\GRIGS\.m2\repository\org\junit\jupiter\junit-jupiter-api\5.10.0\junit-jupiter-api-5.10.0.jar;C:\Users\GRIGS\.m2\repository\org\opentest4j\opentest4j\1.3.0\opentest4j-1.3.0.jar;C:\Users\GRIGS\.m2\repository\org\junit\platform\junit-platform-commons\1.10.0\junit-platform-commons-1.10.0.jar;C:\Users\GRIGS\.m2\repository\org\apache\logging\log4j\log4j-core\2.20.0\log4j-core-2.20.0.jar;C:\Users\GRIGS\.m2\repository\org\apache\logging\log4j\log4j-api\2.20.0\log4j-api-2.20.0.jar;C:\Users\GRIGS\.m2\repository\io\rest-assured\rest-assured\5.3.1\rest-assured-5.3.1.jar;C:\Users\GRIGS\.m2\repository\org\apache\groovy\groovy\4.0.11\groovy-4.0.11.jar;C:\Users\GRIGS\.m2\repository\org\apache\groovy\groovy-xml\4.0.11\groovy-xml-4.0.11.jar;C:\Users\GRIGS\.m2\repository\org\apache\httpcomponents\httpclient\4.5.13\httpclient-4.5.13.jar;C:\Users\GRIGS\.m2\repository\org\apache\httpcomponents\httpcore\4.4.13\httpcore-4.4.13.jar;C:\Users\GRIGS\.m2\repository\commons-logging\commons-logging\1.2\commons-logging-1.2.jar;C:\Users\GRIGS\.m2\repository\commons-codec\commons-codec\1.11\commons-codec-1.11.jar;C:\Users\GRIGS\.m2\repository\org\apache\httpcomponents\httpmime\4.5.13\httpmime-4.5.13.jar;C:\Users\GRIGS\.m2\repository\org\hamcrest\hamcrest\2.2\hamcrest-2.2.jar;C:\Users\GRIGS\.m2\repository\org\ccil\cowan\tagsoup\tagsoup\1.2.1\tagsoup-1.2.1.jar;C:\Users\GRIGS\.m2\repository\io\rest-assured\json-path\5.3.1\json-path-5.3.1.jar;C:\Users\GRIGS\.m2\repository\org\apache\groovy\groovy-json\4.0.11\groovy-json-4.0.11.jar;C:\Users\GRIGS\.m2\repository\io\rest-assured\rest-assured-common\5.3.1\rest-assured-common-5.3.1.jar;C:\Users\GRIGS\.m2\repository\io\rest-assured\xml-path\5.3.1\xml-path-5.3.1.jar;C:\Users\GRIGS\.m2\repository\com\google\code\gson\gson\2.10.1\gson-2.10.1.jar;C:\Users\GRIGS\.m2\repository\org\projectlombok\lombok\1.18.30\lombok-1.18.30.jar;C:\Users\GRIGS\.m2\repository\com\mysql\mysql-connector-j\8.1.0\mysql-connector-j-8.1.0.jar;C:\Users\GRIGS\.m2\repository\com\google\protobuf\protobuf-java\3.21.9\protobuf-java-3.21.9.jar;C:\Users\GRIGS\.m2\repository\junit\junit\4.13.2\junit-4.13.2.jar;C:\Users\GRIGS\.m2\repository\org\hamcrest\hamcrest-core\1.3\hamcrest-core-1.3.jar;"/>
    <property name="sun.cpu.endian" value="little"/>
    <property name="user.home" value="C:\Users\GRIGS"/>
    <property name="user.language" value="en"/>
    <property name="java.specification.vendor" value="Oracle Corporation"/>
    <property name="java.version.date" value="2023-01-17"/>
    <property name="java.home" value="C:\Program Files\Java\jdk-11"/>
    <property name="file.separator" value="\"/>
    <property name="basedir" value="C:\Users\GRIGS\Desktop\Group5FinalProject\test\weAreSocialNetwork.tests"/>
    <property name="java.vm.compressedOopsMode" value="Zero based"/>
    <property name="line.separator" value="&#10;"/>
    <property name="java.specification.name" value="Java Platform API Specification"/>
    <property name="java.vm.specification.vendor" value="Oracle Corporation"/>
    <property name="java.awt.graphicsenv" value="sun.awt.Win32GraphicsEnvironment"/>
    <property name="surefire.real.class.path" value="C:\Users\GRIGS\AppData\Local\Temp\surefire12649640263214035777\surefirebooter-20231018233219398_3.jar"/>
    <property name="user.script" value=""/>
    <property name="sun.management.compiler" value="HotSpot 64-Bit Tiered Compilers"/>
    <property name="java.runtime.version" value="11.0.18+9-LTS-195"/>
    <property name="user.name" value="GRIGS"/>
    <property name="path.separator" value=";"/>
    <property name="os.version" value="10.0"/>
    <property name="java.runtime.name" value="Java(TM) SE Runtime Environment"/>
    <property name="file.encoding" value="Cp1251"/>
    <property name="java.vm.name" value="Java HotSpot(TM) 64-Bit Server VM"/>
    <property name="java.vendor.version" value="18.9"/>
    <property name="localRepository" value="C:\Users\GRIGS\.m2\repository"/>
    <property name="java.vendor.url.bug" value="https://bugreport.java.com/bugreport/"/>
    <property name="java.io.tmpdir" value="C:\Users\GRIGS\AppData\Local\Temp\"/>
    <property name="java.version" value="11.0.18"/>
    <property name="user.dir" value="C:\Users\GRIGS\Desktop\Group5FinalProject\test\weAreSocialNetwork.tests"/>
    <property name="os.arch" value="amd64"/>
    <property name="java.vm.specification.name" value="Java Virtual Machine Specification"/>
    <property name="java.awt.printerjob" value="sun.awt.windows.WPrinterJob"/>
    <property name="sun.os.patch.level" value=""/>
    <property name="java.library.path" value="C:\Program Files\Java\jdk-11\bin;C:\Windows\Sun\Java\bin;C:\Windows\system32;C:\Windows;C:\Python312\Scripts\;C:\Python312\;C:\Program Files\Common Files\Oracle\Java\javapath;C:\Windows\system32;C:\Windows;C:\Windows\System32\Wbem;C:\Windows\System32\WindowsPowerShell\v1.0\;C:\Windows\System32\OpenSSH\;C:\Program Files\Crucial\Crucial Storage Executive;C:\Program Files\Git\cmd;C:\Program Files\Docker\Docker\resources\bin;C:\ProgramData\chocolatey\bin;C:\Program Files\nodejs\;C:\Users\GRIGS\AppData\Roaming\npm;C:\Users\GRIGS\AppData\Local\Microsoft\WindowsApps;C:\Program Files (x86)\Maven\apache-maven-3.9.3\bin;C:\Users\GRIGS\AppData\Local\Programs\Microsoft VS Code\bin;C:\Program Files\Heroku\bin;C:\Users\GRIGS\AppData\Roaming\npm;."/>
    <property name="java.vendor" value="Oracle Corporation"/>
    <property name="java.vm.info" value="mixed mode"/>
    <property name="java.vm.version" value="11.0.18+9-LTS-195"/>
    <property name="sun.io.unicode.encoding" value="UnicodeLittle"/>
    <property name="java.class.version" value="55.0"/>
  </properties>
  <testcase name="postSuccessfullyDeleted_when_sendRequestWithValidData" classname="RESTAssuredTests.PostIntegrationTests" time="8.914">
    <system-out><![CDATA[&amp#27;[34m========================================================================&amp#27;[0m
Create user request body: 
{
  "authorities": [
    "ROLE_USER"
  ],
  "category": {
    "id": 153
  },
  "confirmPassword": "hgr5ql3dpdmpjg1",
  "email": "Wyatt@yahoo.com",
  "password": "hgr5ql3dpdmpjg1",
  "username": "Wyatt"
}

&amp#27;[32mUser with name Wyatt and id 39 was created&amp#27;[0m
&amp#27;[34m========================================================================&amp#27;[0m
&amp#27;[32mUser with username: Wyatt successfully authenticated in the system.&amp#27;[0m
&amp#27;[34m========================================================================&amp#27;[0m
Create post request body: 
{
  "content": "bzxtuzs13eyq",
  "picture": "https://s3.amazonaws.com/uifaces/faces/twitter/begreative/128.jpg",
  "public": true
}

Create post response body: 
{
    "postId": 10,
    "content": "bzxtuzs13eyq",
    "picture": "https://s3.amazonaws.com/uifaces/faces/twitter/begreative/128.jpg",
    "date": "18/10/2023 23:33:55",
    "likes": [
        
    ],
    "comments": [
        
    ],
    "rank": 10,
    "public": true,
    "category": {
        "id": 153,
        "name": "Veterinarian"
    },
    "liked": false
}

&amp#27;[34m========================================================================&amp#27;[0m
&amp#27;[32mPost with id: 10 successfully deleted.&amp#27;[0m
&amp#27;[34m========================================================================&amp#27;[0m
&amp#27;[32mUser with 39 id successfully deleted.&amp#27;[0m
&amp#27;[34m========================================================================&amp#27;[0m
]]></system-out>
  </testcase>
  <testcase name="postEditSuccessfully_when_sendRequestWithValidData" classname="RESTAssuredTests.PostIntegrationTests" time="9.221">
    <system-out><![CDATA[&amp#27;[34m========================================================================&amp#27;[0m
Create user request body: 
{
  "authorities": [
    "ROLE_USER"
  ],
  "category": {
    "id": 107
  },
  "confirmPassword": "uh13lvoig",
  "email": "Twyla@gmail.com",
  "password": "uh13lvoig",
  "username": "Twyla"
}

&amp#27;[32mUser with name Twyla and id 40 was created&amp#27;[0m
&amp#27;[34m========================================================================&amp#27;[0m
&amp#27;[32mUser with username: Twyla successfully authenticated in the system.&amp#27;[0m
&amp#27;[34m========================================================================&amp#27;[0m
Create post request body: 
{
  "content": "muscvgwqo62q6",
  "picture": "https://s3.amazonaws.com/uifaces/faces/twitter/kevka/128.jpg",
  "public": true
}

Create post response body: 
{
    "postId": 11,
    "content": "muscvgwqo62q6",
    "picture": "https://s3.amazonaws.com/uifaces/faces/twitter/kevka/128.jpg",
    "date": "18/10/2023 23:34:04",
    "likes": [
        
    ],
    "comments": [
        
    ],
    "rank": 11,
    "public": true,
    "category": {
        "id": 107,
        "name": "Bus driver"
    },
    "liked": false
}

&amp#27;[34m========================================================================&amp#27;[0m
&amp#27;[34m========================================================================&amp#27;[0m
&amp#27;[32mRequest bodyEdit: {
  "content": "uruu5gsx",
  "picture": "https://s3.amazonaws.com/uifaces/faces/twitter/r_oy/128.jpg",
  "public": true
}&amp#27;[0m
&amp#27;[32mPost with id: 11 successfully deleted.&amp#27;[0m
&amp#27;[34m========================================================================&amp#27;[0m
&amp#27;[32mUser with 40 id successfully deleted.&amp#27;[0m
&amp#27;[34m========================================================================&amp#27;[0m
]]></system-out>
  </testcase>
  <testcase name="postSuccessfullyCreated_when_sendRequestWithValidBody" classname="RESTAssuredTests.PostIntegrationTests" time="8.704">
    <system-out><![CDATA[&amp#27;[34m========================================================================&amp#27;[0m
Create user request body: 
{
  "authorities": [
    "ROLE_USER"
  ],
  "category": {
    "id": 108
  },
  "confirmPassword": "1xw2wbb89v4b0jq",
  "email": "Emmaline@yahoo.com",
  "password": "1xw2wbb89v4b0jq",
  "username": "Emmaline"
}

&amp#27;[32mUser with name Emmaline and id 41 was created&amp#27;[0m
&amp#27;[34m========================================================================&amp#27;[0m
&amp#27;[32mUser with username: Emmaline successfully authenticated in the system.&amp#27;[0m
&amp#27;[34m========================================================================&amp#27;[0m
Create post request body: 
{
  "content": "69wzow3o6ud",
  "picture": "https://s3.amazonaws.com/uifaces/faces/twitter/illyzoren/128.jpg",
  "public": true
}

Create post response body: 
{
    "postId": 12,
    "content": "69wzow3o6ud",
    "picture": "https://s3.amazonaws.com/uifaces/faces/twitter/illyzoren/128.jpg",
    "date": "18/10/2023 23:34:13",
    "likes": [
        
    ],
    "comments": [
        
    ],
    "rank": 12,
    "public": true,
    "category": {
        "id": 108,
        "name": "Car service"
    },
    "liked": false
}

&amp#27;[34m========================================================================&amp#27;[0m
&amp#27;[32mPost with id: 12 successfully deleted.&amp#27;[0m
&amp#27;[34m========================================================================&amp#27;[0m
&amp#27;[32mUser with 41 id successfully deleted.&amp#27;[0m
&amp#27;[34m========================================================================&amp#27;[0m
]]></system-out>
  </testcase>
  <testcase name="postSuccessfullyDisliked_when_sendRequestWithValidData" classname="RESTAssuredTests.PostIntegrationTests" time="10.476">
    <system-out><![CDATA[&amp#27;[34m========================================================================&amp#27;[0m
Create user request body: 
{
  "authorities": [
    "ROLE_USER"
  ],
  "category": {
    "id": 151
  },
  "confirmPassword": "mh2dvpxdd",
  "email": "Bonnie@gmail.com",
  "password": "mh2dvpxdd",
  "username": "Bonnie"
}

&amp#27;[32mUser with name Bonnie and id 42 was created&amp#27;[0m
&amp#27;[34m========================================================================&amp#27;[0m
&amp#27;[32mUser with username: Bonnie successfully authenticated in the system.&amp#27;[0m
&amp#27;[34m========================================================================&amp#27;[0m
Create post request body: 
{
  "content": "new7u2naax",
  "picture": "https://s3.amazonaws.com/uifaces/faces/twitter/VinThomas/128.jpg",
  "public": true
}

Create post response body: 
{
    "postId": 13,
    "content": "new7u2naax",
    "picture": "https://s3.amazonaws.com/uifaces/faces/twitter/VinThomas/128.jpg",
    "date": "18/10/2023 23:34:22",
    "likes": [
        
    ],
    "comments": [
        
    ],
    "rank": 13,
    "public": true,
    "category": {
        "id": 151,
        "name": "Translator"
    },
    "liked": false
}

&amp#27;[34m========================================================================&amp#27;[0m
&amp#27;[32mSending like request for post with id: 13 
&amp#27;[0m
Like post response body: 
{
    "postId": 13,
    "content": "new7u2naax",
    "picture": "https://s3.amazonaws.com/uifaces/faces/twitter/VinThomas/128.jpg",
    "date": "18/10/2023 23:34:22",
    "likes": [
        {
            "userId": 42,
            "username": "Bonnie",
            "expertiseProfile": {
                "id": 42,
                "skills": [
                    
                ],
                "category": {
                    "id": 151,
                    "name": "Translator"
                },
                "availability": 0.0
            },
            "enabled": true,
            "accountNonLocked": true,
            "credentialsNonExpired": true,
            "accountNonExpired": true
        }
    ],
    "comments": [
        
    ],
    "rank": 14,
    "public": true,
    "hibernateLazyInitializer": {
        
    },
    "category": {
        "id": 151,
        "name": "Translator"
    },
    "liked": true
}

&amp#27;[34m========================================================================&amp#27;[0m
&amp#27;[32mSending dislike request for post with id: 13 
&amp#27;[0m
Dislike post response body: 
{
    "postId": 13,
    "content": "new7u2naax",
    "picture": "https://s3.amazonaws.com/uifaces/faces/twitter/VinThomas/128.jpg",
    "date": "18/10/2023 23:34:22",
    "likes": [
        
    ],
    "comments": [
        
    ],
    "rank": 13,
    "public": true,
    "hibernateLazyInitializer": {
        
    },
    "category": {
        "id": 151,
        "name": "Translator"
    },
    "liked": false
}

&amp#27;[34m========================================================================&amp#27;[0m
&amp#27;[32mPost with id: 13 successfully deleted.&amp#27;[0m
&amp#27;[34m========================================================================&amp#27;[0m
&amp#27;[32mUser with 42 id successfully deleted.&amp#27;[0m
&amp#27;[34m========================================================================&amp#27;[0m
]]></system-out>
  </testcase>
  <testcase name="postSuccessfullyLiked_when_sendRequestWithValidBody" classname="RESTAssuredTests.PostIntegrationTests" time="9.622">
    <system-out><![CDATA[&amp#27;[34m========================================================================&amp#27;[0m
Create user request body: 
{
  "authorities": [
    "ROLE_USER"
  ],
  "category": {
    "id": 131
  },
  "confirmPassword": "a0lv3lkqf9yr",
  "email": "Elyse@hotmail.com",
  "password": "a0lv3lkqf9yr",
  "username": "Elyse"
}

&amp#27;[32mUser with name Elyse and id 43 was created&amp#27;[0m
&amp#27;[34m========================================================================&amp#27;[0m
&amp#27;[32mUser with username: Elyse successfully authenticated in the system.&amp#27;[0m
&amp#27;[34m========================================================================&amp#27;[0m
Create post request body: 
{
  "content": "92c1kflthw6x12",
  "picture": "https://s3.amazonaws.com/uifaces/faces/twitter/apriendeau/128.jpg",
  "public": true
}

Create post response body: 
{
    "postId": 14,
    "content": "92c1kflthw6x12",
    "picture": "https://s3.amazonaws.com/uifaces/faces/twitter/apriendeau/128.jpg",
    "date": "18/10/2023 23:34:33",
    "likes": [
        
    ],
    "comments": [
        
    ],
    "rank": 14,
    "public": true,
    "category": {
        "id": 131,
        "name": "Nurses"
    },
    "liked": false
}

&amp#27;[34m========================================================================&amp#27;[0m
&amp#27;[32mSending like request for post with id: 14 
&amp#27;[0m
Like post response body: 
{
    "postId": 14,
    "content": "92c1kflthw6x12",
    "picture": "https://s3.amazonaws.com/uifaces/faces/twitter/apriendeau/128.jpg",
    "date": "18/10/2023 23:34:33",
    "likes": [
        {
            "userId": 43,
            "username": "Elyse",
            "expertiseProfile": {
                "id": 43,
                "skills": [
                    
                ],
                "category": {
                    "id": 131,
                    "name": "Nurses"
                },
                "availability": 0.0
            },
            "enabled": true,
            "accountNonLocked": true,
            "credentialsNonExpired": true,
            "accountNonExpired": true
        }
    ],
    "comments": [
        
    ],
    "rank": 15,
    "public": true,
    "hibernateLazyInitializer": {
        
    },
    "category": {
        "id": 131,
        "name": "Nurses"
    },
    "liked": true
}

&amp#27;[34m========================================================================&amp#27;[0m
&amp#27;[32mPost with id: 14 successfully deleted.&amp#27;[0m
&amp#27;[34m========================================================================&amp#27;[0m
&amp#27;[32mUser with 43 id successfully deleted.&amp#27;[0m
&amp#27;[34m========================================================================&amp#27;[0m
]]></system-out>
  </testcase>
</testsuite>